2020-08-27 10:01:44.5014|INFO|CityInfo.Api.Program|initialing app...
2020-08-27 10:01:45.5519|INFO|Microsoft.Hosting.Lifetime|Application started. Press Ctrl+C to shut down.
2020-08-27 10:01:45.5619|INFO|Microsoft.Hosting.Lifetime|Hosting environment: Development
2020-08-27 10:01:45.5619|INFO|Microsoft.Hosting.Lifetime|Content root path: C:\Users\User\source\repos\CityInfo.Api\CityInfo.Api
2020-08-27 10:02:53.2261|FATAL|CityInfo.Api.Contollers.PointOfInterestController|Exception while getting point of interest for the id 3
2020-08-27 10:54:46.5525|INFO|CityInfo.Api.Program|initialing app...
2020-08-27 10:54:47.7616|INFO|Microsoft.Hosting.Lifetime|Application started. Press Ctrl+C to shut down.
2020-08-27 10:54:47.7616|INFO|Microsoft.Hosting.Lifetime|Hosting environment: Development
2020-08-27 10:54:47.7753|INFO|Microsoft.Hosting.Lifetime|Content root path: C:\Users\User\source\repos\CityInfo.Api\CityInfo.Api
2020-08-27 10:54:57.7960|INFO|CityInfo.Api.Contollers.PointOfInterestController|City with id 10 wasn't foumd when accessing points of interest
2020-08-27 10:55:41.1191|INFO|CityInfo.Api.Program|initialing app...
2020-08-27 10:55:42.2835|INFO|Microsoft.Hosting.Lifetime|Application started. Press Ctrl+C to shut down.
2020-08-27 10:55:42.2835|INFO|Microsoft.Hosting.Lifetime|Hosting environment: Development
2020-08-27 10:55:42.2939|INFO|Microsoft.Hosting.Lifetime|Content root path: C:\Users\User\source\repos\CityInfo.Api\CityInfo.Api
2020-08-27 12:12:57.9113|INFO|CityInfo.Api.Program|initialing app...
2020-08-27 12:12:59.2249|INFO|Microsoft.Hosting.Lifetime|Application started. Press Ctrl+C to shut down.
2020-08-27 12:12:59.2306|INFO|Microsoft.Hosting.Lifetime|Hosting environment: Development
2020-08-27 12:12:59.2306|INFO|Microsoft.Hosting.Lifetime|Content root path: C:\Users\User\source\repos\CityInfo.Api\CityInfo.Api
2020-08-27 12:33:39.2533|INFO|CityInfo.Api.Program|initialing app...
2020-08-27 12:33:40.4894|INFO|Microsoft.Hosting.Lifetime|Application started. Press Ctrl+C to shut down.
2020-08-27 12:33:40.4952|INFO|Microsoft.Hosting.Lifetime|Hosting environment: Development
2020-08-27 12:33:40.4952|INFO|Microsoft.Hosting.Lifetime|Content root path: C:\Users\User\source\repos\CityInfo.Api\CityInfo.Api
2020-08-27 12:59:20.0963|INFO|CityInfo.Api.Program|initialing app...
2020-08-27 12:59:21.2948|INFO|Microsoft.Hosting.Lifetime|Application started. Press Ctrl+C to shut down.
2020-08-27 12:59:21.2948|INFO|Microsoft.Hosting.Lifetime|Hosting environment: Development
2020-08-27 12:59:21.3084|INFO|Microsoft.Hosting.Lifetime|Content root path: C:\Users\User\source\repos\CityInfo.Api\CityInfo.Api
2020-08-27 13:00:12.4611|INFO|CityInfo.Api.Program|initialing app...
2020-08-27 13:00:13.5153|INFO|Microsoft.AspNetCore.DataProtection.KeyManagement.XmlKeyManager|User profile is available. Using 'C:\Users\User\AppData\Local\ASP.NET\DataProtection-Keys' as key repository and Windows DPAPI to encrypt keys at rest.
2020-08-27 13:00:13.8171|FATAL|Microsoft.AspNetCore.Hosting.Diagnostics|Application startup exception
2020-08-27 13:00:13.8885|ERROR|CityInfo.Api.Program|application crash because of exception.
2020-08-27 13:01:14.2398|INFO|CityInfo.Api.Program|initialing app...
2020-08-27 13:01:15.1778|INFO|Microsoft.AspNetCore.DataProtection.KeyManagement.XmlKeyManager|User profile is available. Using 'C:\Users\User\AppData\Local\ASP.NET\DataProtection-Keys' as key repository and Windows DPAPI to encrypt keys at rest.
2020-08-27 13:01:15.4026|FATAL|Microsoft.AspNetCore.Hosting.Diagnostics|Application startup exception
2020-08-27 13:01:15.4384|ERROR|CityInfo.Api.Program|application crash because of exception.
2020-08-27 13:02:57.5445|INFO|CityInfo.Api.Program|initialing app...
2020-08-27 13:02:58.7987|INFO|Microsoft.Hosting.Lifetime|Application started. Press Ctrl+C to shut down.
2020-08-27 13:02:58.8049|INFO|Microsoft.Hosting.Lifetime|Hosting environment: Development
2020-08-27 13:02:58.8049|INFO|Microsoft.Hosting.Lifetime|Content root path: C:\Users\User\source\repos\CityInfo.Api\CityInfo.Api
2020-08-27 13:04:30.1740|INFO|CityInfo.Api.Program|initialing app...
2020-08-27 13:04:31.3139|INFO|Microsoft.Hosting.Lifetime|Application started. Press Ctrl+C to shut down.
2020-08-27 13:04:31.3139|INFO|Microsoft.Hosting.Lifetime|Hosting environment: Development
2020-08-27 13:04:31.3256|INFO|Microsoft.Hosting.Lifetime|Content root path: C:\Users\User\source\repos\CityInfo.Api\CityInfo.Api
2020-08-27 13:05:35.4049|INFO|CityInfo.Api.Program|initialing app...
2020-08-27 13:05:36.3442|INFO|Microsoft.AspNetCore.DataProtection.KeyManagement.XmlKeyManager|User profile is available. Using 'C:\Users\User\AppData\Local\ASP.NET\DataProtection-Keys' as key repository and Windows DPAPI to encrypt keys at rest.
2020-08-27 13:05:36.5754|FATAL|Microsoft.AspNetCore.Hosting.Diagnostics|Application startup exception
2020-08-27 13:05:36.6157|ERROR|CityInfo.Api.Program|application crash because of exception.
2020-08-27 13:07:25.2717|INFO|CityInfo.Api.Program|initialing app...
2020-08-27 13:07:26.1662|INFO|Microsoft.AspNetCore.DataProtection.KeyManagement.XmlKeyManager|User profile is available. Using 'C:\Users\User\AppData\Local\ASP.NET\DataProtection-Keys' as key repository and Windows DPAPI to encrypt keys at rest.
2020-08-27 13:07:26.3752|FATAL|Microsoft.AspNetCore.Hosting.Diagnostics|Application startup exception
2020-08-27 13:07:26.4187|ERROR|CityInfo.Api.Program|application crash because of exception.
2020-08-27 14:18:45.6361|INFO|CityInfo.Api.Program|initialing app...
2020-08-27 14:18:46.9967|INFO|Microsoft.AspNetCore.DataProtection.KeyManagement.XmlKeyManager|User profile is available. Using 'C:\Users\User\AppData\Local\ASP.NET\DataProtection-Keys' as key repository and Windows DPAPI to encrypt keys at rest.
2020-08-27 14:18:47.4412|FATAL|Microsoft.AspNetCore.Hosting.Diagnostics|Application startup exception
2020-08-27 14:18:47.5129|ERROR|CityInfo.Api.Program|application crash because of exception.
2020-08-27 19:45:20.2047|INFO|CityInfo.Api.Program|initialing app...
2020-08-27 19:45:21.7754|INFO|Microsoft.AspNetCore.DataProtection.KeyManagement.XmlKeyManager|User profile is available. Using 'C:\Users\User\AppData\Local\ASP.NET\DataProtection-Keys' as key repository and Windows DPAPI to encrypt keys at rest.
2020-08-27 19:45:22.3993|FATAL|Microsoft.AspNetCore.Hosting.Diagnostics|Application startup exception
2020-08-27 19:45:22.4754|ERROR|CityInfo.Api.Program|application crash because of exception.
2020-08-27 19:46:17.7077|INFO|CityInfo.Api.Program|initialing app...
2020-08-27 19:46:18.5634|INFO|Microsoft.AspNetCore.DataProtection.KeyManagement.XmlKeyManager|User profile is available. Using 'C:\Users\User\AppData\Local\ASP.NET\DataProtection-Keys' as key repository and Windows DPAPI to encrypt keys at rest.
2020-08-27 19:46:18.7539|INFO|Microsoft.Hosting.Lifetime|Application started. Press Ctrl+C to shut down.
2020-08-27 19:46:18.7630|INFO|Microsoft.Hosting.Lifetime|Hosting environment: Development
2020-08-27 19:46:18.7630|INFO|Microsoft.Hosting.Lifetime|Content root path: C:\Users\User\source\repos\CityInfo.Api\CityInfo.Api
2020-08-27 19:46:18.8064|INFO|Microsoft.AspNetCore.Hosting.Diagnostics|Request starting HTTP/1.1 GET http://localhost:1028/  
2020-08-27 19:46:18.9257|INFO|Microsoft.AspNetCore.Hosting.Diagnostics|Request finished in 120.5109ms 404 text/plain
2020-08-27 19:46:18.9894|INFO|Microsoft.AspNetCore.Hosting.Diagnostics|Request starting HTTP/1.1 GET http://localhost:1028/favicon.ico  
2020-08-27 19:46:18.9942|INFO|Microsoft.AspNetCore.Hosting.Diagnostics|Request finished in 4.7217ms 404 text/plain
2020-08-27 19:46:28.4832|INFO|Microsoft.AspNetCore.Hosting.Diagnostics|Request starting HTTP/1.1 GET http://localhost:1028/api/testdatabase  
2020-08-27 19:46:28.5541|INFO|Microsoft.AspNetCore.Mvc.Infrastructure.ControllerActionInvoker|Route matched with {action = "TestDatabase", controller = "Dummy"}. Executing controller action with signature Microsoft.AspNetCore.Mvc.IActionResult TestDatabase() on controller CityInfo.Api.Contollers.DummyController (CityInfo.Api).
2020-08-27 19:46:29.2817|INFO|Microsoft.EntityFrameworkCore.Infrastructure|Entity Framework Core 3.1.7 initialized 'CityInfoContext' using provider 'Microsoft.EntityFrameworkCore.SqlServer' with options: None
2020-08-27 19:50:50.6503|INFO|CityInfo.Api.Program|initialing app...
2020-08-27 19:50:51.4674|INFO|Microsoft.AspNetCore.DataProtection.KeyManagement.XmlKeyManager|User profile is available. Using 'C:\Users\User\AppData\Local\ASP.NET\DataProtection-Keys' as key repository and Windows DPAPI to encrypt keys at rest.
2020-08-27 19:50:51.6525|INFO|Microsoft.Hosting.Lifetime|Application started. Press Ctrl+C to shut down.
2020-08-27 19:50:51.6525|INFO|Microsoft.Hosting.Lifetime|Hosting environment: Development
2020-08-27 19:50:51.6668|INFO|Microsoft.Hosting.Lifetime|Content root path: C:\Users\User\source\repos\CityInfo.Api\CityInfo.Api
2020-08-27 19:50:51.6908|INFO|Microsoft.AspNetCore.Hosting.Diagnostics|Request starting HTTP/1.1 GET http://localhost:1028/  
2020-08-27 19:50:51.7941|INFO|Microsoft.AspNetCore.Hosting.Diagnostics|Request finished in 103.2687ms 404 text/plain
2020-08-27 19:50:56.3325|INFO|Microsoft.AspNetCore.Hosting.Diagnostics|Request starting HTTP/1.1 GET http://localhost:1028/api/testdatabase  
2020-08-27 19:50:56.3733|INFO|Microsoft.AspNetCore.Mvc.Infrastructure.ControllerActionInvoker|Route matched with {action = "TestDatabase", controller = "Dummy"}. Executing controller action with signature Microsoft.AspNetCore.Mvc.IActionResult TestDatabase() on controller CityInfo.Api.Contollers.DummyController (CityInfo.Api).
2020-08-27 19:50:56.9412|INFO|Microsoft.EntityFrameworkCore.Infrastructure|Entity Framework Core 3.1.7 initialized 'CityInfoContext' using provider 'Microsoft.EntityFrameworkCore.SqlServer' with options: None
2020-08-27 20:28:09.8873|INFO|CityInfo.Api.Program|initialing app...
2020-08-27 20:28:11.8638|INFO|Microsoft.AspNetCore.DataProtection.KeyManagement.XmlKeyManager|User profile is available. Using 'C:\Users\User\AppData\Local\ASP.NET\DataProtection-Keys' as key repository and Windows DPAPI to encrypt keys at rest.
2020-08-27 20:28:12.4614|INFO|Microsoft.Hosting.Lifetime|Application started. Press Ctrl+C to shut down.
2020-08-27 20:28:12.4824|INFO|Microsoft.Hosting.Lifetime|Hosting environment: Development
2020-08-27 20:28:12.4824|INFO|Microsoft.Hosting.Lifetime|Content root path: C:\Users\User\source\repos\CityInfo.Api\CityInfo.Api
2020-08-27 20:28:12.5907|INFO|Microsoft.AspNetCore.Hosting.Diagnostics|Request starting HTTP/1.1 GET http://localhost:1028/  
2020-08-27 20:28:13.0942|INFO|Microsoft.AspNetCore.Hosting.Diagnostics|Request finished in 507.1661ms 404 text/plain
2020-08-27 20:28:23.8369|INFO|Microsoft.AspNetCore.Hosting.Diagnostics|Request starting HTTP/1.1 GET http://localhost:1028/api/testdatabase  
2020-08-27 20:28:23.9568|INFO|Microsoft.AspNetCore.Mvc.Infrastructure.ControllerActionInvoker|Route matched with {action = "TestDatabase", controller = "Dummy"}. Executing controller action with signature Microsoft.AspNetCore.Mvc.IActionResult TestDatabase() on controller CityInfo.Api.Contollers.DummyController (CityInfo.Api).
2020-08-27 20:28:26.2059|INFO|Microsoft.EntityFrameworkCore.Infrastructure|Entity Framework Core 3.1.7 initialized 'CityInfoContext' using provider 'Microsoft.EntityFrameworkCore.SqlServer' with options: None
2020-08-27 20:28:27.2323|INFO|Microsoft.EntityFrameworkCore.Database.Command|Executed DbCommand (65ms) [Parameters=[], CommandType='Text', CommandTimeout='30']
SELECT 1
2020-08-27 20:28:27.3240|INFO|Microsoft.EntityFrameworkCore.Database.Command|Executed DbCommand (59ms) [Parameters=[], CommandType='Text', CommandTimeout='30']

IF EXISTS
    (SELECT *
     FROM [sys].[objects] o
     WHERE [o].[type] = 'U'
     AND [o].[is_ms_shipped] = 0
     AND NOT EXISTS (SELECT *
         FROM [sys].[extended_properties] AS [ep]
         WHERE [ep].[major_id] = [o].[object_id]
             AND [ep].[minor_id] = 0
             AND [ep].[class] = 1
             AND [ep].[name] = N'microsoft_database_tools_support'
    )
)
SELECT 1 ELSE SELECT 0
2020-08-27 20:28:27.6157|INFO|Microsoft.EntityFrameworkCore.Database.Command|Executed DbCommand (11ms) [Parameters=[], CommandType='Text', CommandTimeout='30']
CREATE TABLE [Cities] (
    [id] int NOT NULL IDENTITY,
    [Name] nvarchar(50) NOT NULL,
    [Description] nvarchar(200) NULL,
    CONSTRAINT [PK_Cities] PRIMARY KEY ([id])
);
2020-08-27 20:28:27.6266|INFO|Microsoft.EntityFrameworkCore.Database.Command|Executed DbCommand (5ms) [Parameters=[], CommandType='Text', CommandTimeout='30']
CREATE TABLE [pointsOfInterest] (
    [id] int NOT NULL IDENTITY,
    [Name] nvarchar(50) NOT NULL,
    [cityId] int NOT NULL,
    CONSTRAINT [PK_pointsOfInterest] PRIMARY KEY ([id]),
    CONSTRAINT [FK_pointsOfInterest_Cities_cityId] FOREIGN KEY ([cityId]) REFERENCES [Cities] ([id]) ON DELETE CASCADE
);
2020-08-27 20:28:27.6266|INFO|Microsoft.EntityFrameworkCore.Database.Command|Executed DbCommand (2ms) [Parameters=[], CommandType='Text', CommandTimeout='30']
CREATE INDEX [IX_pointsOfInterest_cityId] ON [pointsOfInterest] ([cityId]);
2020-08-27 20:28:27.6697|INFO|Microsoft.AspNetCore.Mvc.StatusCodeResult|Executing HttpStatusCodeResult, setting HTTP status code 200
2020-08-27 20:28:27.6896|INFO|Microsoft.AspNetCore.Mvc.Infrastructure.ControllerActionInvoker|Executed action CityInfo.Api.Contollers.DummyController.TestDatabase (CityInfo.Api) in 3711.3626ms
2020-08-27 20:28:27.7108|INFO|Microsoft.AspNetCore.Hosting.Diagnostics|Request finished in 3875.203ms 200 
2020-08-27 20:33:08.3790|INFO|CityInfo.Api.Program|initialing app...
2020-08-27 20:33:10.2028|INFO|Microsoft.AspNetCore.DataProtection.KeyManagement.XmlKeyManager|User profile is available. Using 'C:\Users\User\AppData\Local\ASP.NET\DataProtection-Keys' as key repository and Windows DPAPI to encrypt keys at rest.
2020-08-27 20:33:10.9457|INFO|Microsoft.Hosting.Lifetime|Application started. Press Ctrl+C to shut down.
2020-08-27 20:33:10.9540|INFO|Microsoft.Hosting.Lifetime|Hosting environment: Development
2020-08-27 20:33:10.9540|INFO|Microsoft.Hosting.Lifetime|Content root path: C:\Users\User\source\repos\CityInfo.Api\CityInfo.Api
2020-08-27 20:33:10.9963|INFO|Microsoft.AspNetCore.Hosting.Diagnostics|Request starting HTTP/1.1 GET http://localhost:1028/  
2020-08-27 20:33:11.3086|INFO|Microsoft.AspNetCore.Hosting.Diagnostics|Request finished in 308.9716ms 404 text/plain
2020-08-27 20:33:17.6998|INFO|Microsoft.AspNetCore.Hosting.Diagnostics|Request starting HTTP/1.1 GET http://localhost:1028/api/testdatabase  
2020-08-27 20:33:17.8020|INFO|Microsoft.AspNetCore.Mvc.Infrastructure.ControllerActionInvoker|Route matched with {action = "TestDatabase", controller = "Dummy"}. Executing controller action with signature Microsoft.AspNetCore.Mvc.IActionResult TestDatabase() on controller CityInfo.Api.Contollers.DummyController (CityInfo.Api).
2020-08-27 20:33:19.7699|INFO|Microsoft.EntityFrameworkCore.Infrastructure|Entity Framework Core 3.1.7 initialized 'CityInfoContext' using provider 'Microsoft.EntityFrameworkCore.SqlServer' with options: None
2020-08-27 20:33:20.4634|INFO|Microsoft.EntityFrameworkCore.Database.Command|Executed DbCommand (54ms) [Parameters=[], CommandType='Text', CommandTimeout='30']
SELECT 1
2020-08-27 20:33:20.5643|INFO|Microsoft.EntityFrameworkCore.Database.Command|Executed DbCommand (68ms) [Parameters=[], CommandType='Text', CommandTimeout='30']

IF EXISTS
    (SELECT *
     FROM [sys].[objects] o
     WHERE [o].[type] = 'U'
     AND [o].[is_ms_shipped] = 0
     AND NOT EXISTS (SELECT *
         FROM [sys].[extended_properties] AS [ep]
         WHERE [ep].[major_id] = [o].[object_id]
             AND [ep].[minor_id] = 0
             AND [ep].[class] = 1
             AND [ep].[name] = N'microsoft_database_tools_support'
    )
)
SELECT 1 ELSE SELECT 0
2020-08-27 20:33:20.8571|INFO|Microsoft.EntityFrameworkCore.Database.Command|Executed DbCommand (5ms) [Parameters=[], CommandType='Text', CommandTimeout='30']
CREATE TABLE [Cities] (
    [id] int NOT NULL IDENTITY,
    [Name] nvarchar(50) NOT NULL,
    [Description] nvarchar(200) NULL,
    CONSTRAINT [PK_Cities] PRIMARY KEY ([id])
);
2020-08-27 20:33:20.8571|INFO|Microsoft.EntityFrameworkCore.Database.Command|Executed DbCommand (4ms) [Parameters=[], CommandType='Text', CommandTimeout='30']
CREATE TABLE [pointsOfInterest] (
    [id] int NOT NULL IDENTITY,
    [Name] nvarchar(50) NOT NULL,
    [cityId] int NOT NULL,
    CONSTRAINT [PK_pointsOfInterest] PRIMARY KEY ([id]),
    CONSTRAINT [FK_pointsOfInterest_Cities_cityId] FOREIGN KEY ([cityId]) REFERENCES [Cities] ([id]) ON DELETE CASCADE
);
2020-08-27 20:33:20.8739|INFO|Microsoft.EntityFrameworkCore.Database.Command|Executed DbCommand (2ms) [Parameters=[], CommandType='Text', CommandTimeout='30']
CREATE INDEX [IX_pointsOfInterest_cityId] ON [pointsOfInterest] ([cityId]);
2020-08-27 20:33:20.9045|INFO|Microsoft.AspNetCore.Mvc.StatusCodeResult|Executing HttpStatusCodeResult, setting HTTP status code 200
2020-08-27 20:33:20.9217|INFO|Microsoft.AspNetCore.Mvc.Infrastructure.ControllerActionInvoker|Executed action CityInfo.Api.Contollers.DummyController.TestDatabase (CityInfo.Api) in 3102.6118ms
2020-08-27 20:33:20.9392|INFO|Microsoft.AspNetCore.Hosting.Diagnostics|Request finished in 3240.729ms 200 
2020-08-27 20:45:19.6884|INFO|CityInfo.Api.Program|initialing app...
2020-08-27 20:45:21.2765|INFO|Microsoft.AspNetCore.DataProtection.KeyManagement.XmlKeyManager|User profile is available. Using 'C:\Users\User\AppData\Local\ASP.NET\DataProtection-Keys' as key repository and Windows DPAPI to encrypt keys at rest.
2020-08-27 20:45:22.0437|INFO|Microsoft.Hosting.Lifetime|Application started. Press Ctrl+C to shut down.
2020-08-27 20:45:22.0561|INFO|Microsoft.Hosting.Lifetime|Hosting environment: Development
2020-08-27 20:45:22.0734|INFO|Microsoft.Hosting.Lifetime|Content root path: C:\Users\User\source\repos\CityInfo.Api\CityInfo.Api
2020-08-27 20:45:22.1393|INFO|Microsoft.AspNetCore.Hosting.Diagnostics|Request starting HTTP/1.1 GET http://localhost:1028/  
2020-08-27 20:45:22.5455|INFO|Microsoft.AspNetCore.Hosting.Diagnostics|Request finished in 406.0242ms 404 text/plain
2020-08-27 20:46:32.3904|INFO|Microsoft.AspNetCore.Hosting.Diagnostics|Request starting HTTP/1.1 GET http://localhost:1028/api/testdatabase  
2020-08-27 20:46:32.5069|INFO|Microsoft.AspNetCore.Mvc.Infrastructure.ControllerActionInvoker|Route matched with {action = "TestDatabase", controller = "Dummy"}. Executing controller action with signature Microsoft.AspNetCore.Mvc.IActionResult TestDatabase() on controller CityInfo.Api.Contollers.DummyController (CityInfo.Api).
2020-08-27 20:46:34.1193|INFO|Microsoft.EntityFrameworkCore.Infrastructure|Entity Framework Core 3.1.7 initialized 'CityInfoContext' using provider 'Microsoft.EntityFrameworkCore.SqlServer' with options: None
2020-08-27 20:46:45.7005|INFO|Microsoft.EntityFrameworkCore.Database.Command|Executed DbCommand (571ms) [Parameters=[], CommandType='Text', CommandTimeout='60']
CREATE DATABASE [CityInfoDB];
2020-08-27 20:46:45.9122|INFO|Microsoft.EntityFrameworkCore.Database.Command|Executed DbCommand (177ms) [Parameters=[], CommandType='Text', CommandTimeout='60']
IF SERVERPROPERTY('EngineEdition') <> 5
BEGIN
    ALTER DATABASE [CityInfoDB] SET READ_COMMITTED_SNAPSHOT ON;
END;
2020-08-27 20:46:46.0247|INFO|Microsoft.EntityFrameworkCore.Database.Command|Executed DbCommand (37ms) [Parameters=[], CommandType='Text', CommandTimeout='30']
SELECT 1
2020-08-27 20:46:46.5120|INFO|Microsoft.EntityFrameworkCore.Database.Command|Executed DbCommand (21ms) [Parameters=[], CommandType='Text', CommandTimeout='30']
CREATE TABLE [Cities] (
    [id] int NOT NULL IDENTITY,
    [Name] nvarchar(50) NOT NULL,
    [Description] nvarchar(200) NULL,
    CONSTRAINT [PK_Cities] PRIMARY KEY ([id])
);
2020-08-27 20:46:46.5318|INFO|Microsoft.EntityFrameworkCore.Database.Command|Executed DbCommand (9ms) [Parameters=[], CommandType='Text', CommandTimeout='30']
CREATE TABLE [pointsOfInterest] (
    [id] int NOT NULL IDENTITY,
    [Name] nvarchar(50) NOT NULL,
    [cityId] int NOT NULL,
    CONSTRAINT [PK_pointsOfInterest] PRIMARY KEY ([id]),
    CONSTRAINT [FK_pointsOfInterest_Cities_cityId] FOREIGN KEY ([cityId]) REFERENCES [Cities] ([id]) ON DELETE CASCADE
);
2020-08-27 20:46:46.5456|INFO|Microsoft.EntityFrameworkCore.Database.Command|Executed DbCommand (3ms) [Parameters=[], CommandType='Text', CommandTimeout='30']
CREATE INDEX [IX_pointsOfInterest_cityId] ON [pointsOfInterest] ([cityId]);
2020-08-27 20:46:46.6089|INFO|Microsoft.AspNetCore.Mvc.StatusCodeResult|Executing HttpStatusCodeResult, setting HTTP status code 200
2020-08-27 20:46:46.6457|INFO|Microsoft.AspNetCore.Mvc.Infrastructure.ControllerActionInvoker|Executed action CityInfo.Api.Contollers.DummyController.TestDatabase (CityInfo.Api) in 14105.557ms
2020-08-27 20:46:46.6847|INFO|Microsoft.AspNetCore.Hosting.Diagnostics|Request finished in 14292.4669ms 200 
2020-08-27 20:53:49.5150|INFO|CityInfo.Api.Program|initialing app...
2020-08-27 20:53:51.1419|INFO|Microsoft.AspNetCore.DataProtection.KeyManagement.XmlKeyManager|User profile is available. Using 'C:\Users\User\AppData\Local\ASP.NET\DataProtection-Keys' as key repository and Windows DPAPI to encrypt keys at rest.
2020-08-27 20:53:51.6752|INFO|Microsoft.Hosting.Lifetime|Application started. Press Ctrl+C to shut down.
2020-08-27 20:53:51.6934|INFO|Microsoft.Hosting.Lifetime|Hosting environment: Development
2020-08-27 20:53:51.6934|INFO|Microsoft.Hosting.Lifetime|Content root path: C:\Users\User\source\repos\CityInfo.Api\CityInfo.Api
2020-08-27 20:53:51.7326|INFO|Microsoft.AspNetCore.Hosting.Diagnostics|Request starting HTTP/1.1 GET http://localhost:1028/  
2020-08-27 20:53:52.1259|INFO|Microsoft.AspNetCore.Hosting.Diagnostics|Request finished in 387.0686ms 404 text/plain
2020-08-27 20:53:56.1798|INFO|Microsoft.AspNetCore.Hosting.Diagnostics|Request starting HTTP/1.1 GET http://localhost:1028/api/testdatabase  
2020-08-27 20:53:56.3238|INFO|Microsoft.AspNetCore.Mvc.Infrastructure.ControllerActionInvoker|Route matched with {action = "TestDatabase", controller = "Dummy"}. Executing controller action with signature Microsoft.AspNetCore.Mvc.IActionResult TestDatabase() on controller CityInfo.Api.Contollers.DummyController (CityInfo.Api).
2020-08-27 20:53:58.2113|INFO|Microsoft.EntityFrameworkCore.Infrastructure|Entity Framework Core 3.1.7 initialized 'CityInfoContext' using provider 'Microsoft.EntityFrameworkCore.SqlServer' with options: None
2020-08-27 20:54:09.6774|INFO|Microsoft.EntityFrameworkCore.Database.Command|Executed DbCommand (569ms) [Parameters=[], CommandType='Text', CommandTimeout='60']
CREATE DATABASE [CityInfoDB];
2020-08-27 20:54:09.8776|INFO|Microsoft.EntityFrameworkCore.Database.Command|Executed DbCommand (179ms) [Parameters=[], CommandType='Text', CommandTimeout='60']
IF SERVERPROPERTY('EngineEdition') <> 5
BEGIN
    ALTER DATABASE [CityInfoDB] SET READ_COMMITTED_SNAPSHOT ON;
END;
2020-08-27 20:54:10.0169|INFO|Microsoft.EntityFrameworkCore.Database.Command|Executed DbCommand (53ms) [Parameters=[], CommandType='Text', CommandTimeout='30']
SELECT 1
2020-08-27 20:54:10.6661|INFO|Microsoft.EntityFrameworkCore.Database.Command|Executed DbCommand (23ms) [Parameters=[], CommandType='Text', CommandTimeout='30']
CREATE TABLE [Cities] (
    [id] int NOT NULL IDENTITY,
    [Name] nvarchar(50) NOT NULL,
    [Description] nvarchar(200) NULL,
    CONSTRAINT [PK_Cities] PRIMARY KEY ([id])
);
2020-08-27 20:54:10.6864|INFO|Microsoft.EntityFrameworkCore.Database.Command|Executed DbCommand (9ms) [Parameters=[], CommandType='Text', CommandTimeout='30']
CREATE TABLE [pointsOfInterest] (
    [id] int NOT NULL IDENTITY,
    [Name] nvarchar(50) NOT NULL,
    [cityId] int NOT NULL,
    CONSTRAINT [PK_pointsOfInterest] PRIMARY KEY ([id]),
    CONSTRAINT [FK_pointsOfInterest_Cities_cityId] FOREIGN KEY ([cityId]) REFERENCES [Cities] ([id]) ON DELETE CASCADE
);
2020-08-27 20:54:10.7010|INFO|Microsoft.EntityFrameworkCore.Database.Command|Executed DbCommand (3ms) [Parameters=[], CommandType='Text', CommandTimeout='30']
CREATE INDEX [IX_pointsOfInterest_cityId] ON [pointsOfInterest] ([cityId]);
2020-08-27 20:54:10.7604|INFO|Microsoft.AspNetCore.Mvc.StatusCodeResult|Executing HttpStatusCodeResult, setting HTTP status code 200
2020-08-27 20:54:10.7985|INFO|Microsoft.AspNetCore.Mvc.Infrastructure.ControllerActionInvoker|Executed action CityInfo.Api.Contollers.DummyController.TestDatabase (CityInfo.Api) in 14440.379ms
2020-08-27 20:54:10.8372|INFO|Microsoft.AspNetCore.Hosting.Diagnostics|Request finished in 14657.4851ms 200 
2020-08-27 20:55:49.0981|INFO|CityInfo.Api.Program|initialing app...
2020-08-27 20:55:50.8787|INFO|Microsoft.AspNetCore.DataProtection.KeyManagement.XmlKeyManager|User profile is available. Using 'C:\Users\User\AppData\Local\ASP.NET\DataProtection-Keys' as key repository and Windows DPAPI to encrypt keys at rest.
2020-08-27 20:55:51.4465|INFO|Microsoft.Hosting.Lifetime|Application started. Press Ctrl+C to shut down.
2020-08-27 20:55:51.4581|INFO|Microsoft.Hosting.Lifetime|Hosting environment: Development
2020-08-27 20:55:51.4824|INFO|Microsoft.Hosting.Lifetime|Content root path: C:\Users\User\source\repos\CityInfo.Api\CityInfo.Api
2020-08-27 20:55:51.5737|INFO|Microsoft.AspNetCore.Hosting.Diagnostics|Request starting HTTP/1.1 GET http://localhost:1028/  
2020-08-27 20:55:51.8500|INFO|Microsoft.AspNetCore.Hosting.Diagnostics|Request finished in 285.1785ms 404 text/plain
2020-08-27 20:55:55.3357|INFO|Microsoft.AspNetCore.Hosting.Diagnostics|Request starting HTTP/1.1 GET http://localhost:1028/api/testdatabase  
2020-08-27 20:55:55.4578|INFO|Microsoft.AspNetCore.Mvc.Infrastructure.ControllerActionInvoker|Route matched with {action = "TestDatabase", controller = "Dummy"}. Executing controller action with signature Microsoft.AspNetCore.Mvc.IActionResult TestDatabase() on controller CityInfo.Api.Contollers.DummyController (CityInfo.Api).
2020-08-27 20:55:57.3583|INFO|Microsoft.EntityFrameworkCore.Infrastructure|Entity Framework Core 3.1.7 initialized 'CityInfoContext' using provider 'Microsoft.EntityFrameworkCore.SqlServer' with options: None
2020-08-27 20:58:38.4328|INFO|CityInfo.Api.Program|initialing app...
2020-08-27 20:58:40.2349|INFO|Microsoft.AspNetCore.DataProtection.KeyManagement.XmlKeyManager|User profile is available. Using 'C:\Users\User\AppData\Local\ASP.NET\DataProtection-Keys' as key repository and Windows DPAPI to encrypt keys at rest.
2020-08-27 20:58:40.8807|INFO|Microsoft.Hosting.Lifetime|Application started. Press Ctrl+C to shut down.
2020-08-27 20:58:40.9018|INFO|Microsoft.Hosting.Lifetime|Hosting environment: Development
2020-08-27 20:58:40.9265|INFO|Microsoft.Hosting.Lifetime|Content root path: C:\Users\User\source\repos\CityInfo.Api\CityInfo.Api
2020-08-27 20:58:41.0072|INFO|Microsoft.AspNetCore.Hosting.Diagnostics|Request starting HTTP/1.1 GET http://localhost:1028/  
2020-08-27 20:58:41.3196|INFO|Microsoft.AspNetCore.Hosting.Diagnostics|Request finished in 307.4193ms 404 text/plain
2020-08-27 20:58:50.1101|INFO|Microsoft.AspNetCore.Hosting.Diagnostics|Request starting HTTP/1.1 GET http://localhost:1028/api/testdatabase  
2020-08-27 20:58:50.2085|INFO|Microsoft.AspNetCore.Mvc.Infrastructure.ControllerActionInvoker|Route matched with {action = "TestDatabase", controller = "Dummy"}. Executing controller action with signature Microsoft.AspNetCore.Mvc.IActionResult TestDatabase() on controller CityInfo.Api.Contollers.DummyController (CityInfo.Api).
2020-08-27 20:58:51.9098|INFO|Microsoft.EntityFrameworkCore.Infrastructure|Entity Framework Core 3.1.7 initialized 'CityInfoContext' using provider 'Microsoft.EntityFrameworkCore.SqlServer' with options: None
2020-08-27 20:59:49.2511|INFO|CityInfo.Api.Program|initialing app...
2020-08-27 20:59:51.0379|INFO|Microsoft.AspNetCore.DataProtection.KeyManagement.XmlKeyManager|User profile is available. Using 'C:\Users\User\AppData\Local\ASP.NET\DataProtection-Keys' as key repository and Windows DPAPI to encrypt keys at rest.
2020-08-27 20:59:51.8801|INFO|Microsoft.Hosting.Lifetime|Application started. Press Ctrl+C to shut down.
2020-08-27 20:59:51.8894|INFO|Microsoft.Hosting.Lifetime|Hosting environment: Development
2020-08-27 20:59:51.8894|INFO|Microsoft.Hosting.Lifetime|Content root path: C:\Users\User\source\repos\CityInfo.Api\CityInfo.Api
2020-08-27 20:59:51.9332|INFO|Microsoft.AspNetCore.Hosting.Diagnostics|Request starting HTTP/1.1 GET http://localhost:1028/  
2020-08-27 20:59:52.2501|INFO|Microsoft.AspNetCore.Hosting.Diagnostics|Request finished in 313.8205ms 404 text/plain
2020-08-27 20:59:58.5600|INFO|Microsoft.AspNetCore.Hosting.Diagnostics|Request starting HTTP/1.1 GET http://localhost:1028/api/testdatabase  
2020-08-27 20:59:58.6539|INFO|Microsoft.AspNetCore.Mvc.Infrastructure.ControllerActionInvoker|Route matched with {action = "TestDatabase", controller = "Dummy"}. Executing controller action with signature Microsoft.AspNetCore.Mvc.IActionResult TestDatabase() on controller CityInfo.Api.Contollers.DummyController (CityInfo.Api).
2020-08-27 21:00:00.2257|INFO|Microsoft.EntityFrameworkCore.Infrastructure|Entity Framework Core 3.1.7 initialized 'CityInfoContext' using provider 'Microsoft.EntityFrameworkCore.SqlServer' with options: None
2020-08-27 21:00:05.9568|INFO|Microsoft.AspNetCore.Mvc.Infrastructure.ControllerActionInvoker|Executed action CityInfo.Api.Contollers.DummyController.TestDatabase (CityInfo.Api) in 7278.4912ms
2020-08-27 21:00:06.1802|ERROR|Microsoft.AspNetCore.Diagnostics.DeveloperExceptionPageMiddleware|An unhandled exception has occurred while executing the request.
2020-08-27 21:00:06.2656|INFO|Microsoft.AspNetCore.Hosting.Diagnostics|Request finished in 7703.7172ms 500 text/plain
2020-08-27 21:00:46.2690|INFO|CityInfo.Api.Program|initialing app...
2020-08-27 21:00:48.1909|INFO|Microsoft.AspNetCore.DataProtection.KeyManagement.XmlKeyManager|User profile is available. Using 'C:\Users\User\AppData\Local\ASP.NET\DataProtection-Keys' as key repository and Windows DPAPI to encrypt keys at rest.
2020-08-27 21:00:48.7764|INFO|Microsoft.Hosting.Lifetime|Application started. Press Ctrl+C to shut down.
2020-08-27 21:00:48.8002|INFO|Microsoft.Hosting.Lifetime|Hosting environment: Development
2020-08-27 21:00:48.8113|INFO|Microsoft.Hosting.Lifetime|Content root path: C:\Users\User\source\repos\CityInfo.Api\CityInfo.Api
2020-08-27 21:00:48.9085|INFO|Microsoft.AspNetCore.Hosting.Diagnostics|Request starting HTTP/1.1 GET http://localhost:1028/  
2020-08-27 21:00:49.2000|INFO|Microsoft.AspNetCore.Hosting.Diagnostics|Request finished in 289.0627ms 404 text/plain
2020-08-27 21:00:53.4710|INFO|Microsoft.AspNetCore.Hosting.Diagnostics|Request starting HTTP/1.1 GET http://localhost:1028/api/testdatabase  
2020-08-27 21:00:53.5731|INFO|Microsoft.AspNetCore.Mvc.Infrastructure.ControllerActionInvoker|Route matched with {action = "TestDatabase", controller = "Dummy"}. Executing controller action with signature Microsoft.AspNetCore.Mvc.IActionResult TestDatabase() on controller CityInfo.Api.Contollers.DummyController (CityInfo.Api).
2020-08-27 21:00:55.4176|INFO|Microsoft.EntityFrameworkCore.Infrastructure|Entity Framework Core 3.1.7 initialized 'CityInfoContext' using provider 'Microsoft.EntityFrameworkCore.SqlServer' with options: None
2020-08-27 21:02:12.5210|INFO|CityInfo.Api.Program|initialing app...
2020-08-27 21:02:14.7485|INFO|Microsoft.AspNetCore.DataProtection.KeyManagement.XmlKeyManager|User profile is available. Using 'C:\Users\User\AppData\Local\ASP.NET\DataProtection-Keys' as key repository and Windows DPAPI to encrypt keys at rest.
2020-08-27 21:02:15.2682|INFO|Microsoft.Hosting.Lifetime|Application started. Press Ctrl+C to shut down.
2020-08-27 21:02:15.2939|INFO|Microsoft.Hosting.Lifetime|Hosting environment: Development
2020-08-27 21:02:15.3018|INFO|Microsoft.Hosting.Lifetime|Content root path: C:\Users\User\source\repos\CityInfo.Api\CityInfo.Api
2020-08-27 21:02:15.3788|INFO|Microsoft.AspNetCore.Hosting.Diagnostics|Request starting HTTP/1.1 GET http://localhost:1028/  
2020-08-27 21:02:15.7873|INFO|Microsoft.AspNetCore.Hosting.Diagnostics|Request finished in 408.8694ms 404 text/plain
2020-08-27 21:02:37.5492|INFO|Microsoft.AspNetCore.Hosting.Diagnostics|Request starting HTTP/1.1 GET http://localhost:1028/api/testdatabase  
2020-08-27 21:02:37.6726|INFO|Microsoft.AspNetCore.Mvc.Infrastructure.ControllerActionInvoker|Route matched with {action = "TestDatabase", controller = "Dummy"}. Executing controller action with signature Microsoft.AspNetCore.Mvc.IActionResult TestDatabase() on controller CityInfo.Api.Contollers.DummyController (CityInfo.Api).
2020-08-27 21:02:39.2719|INFO|Microsoft.EntityFrameworkCore.Infrastructure|Entity Framework Core 3.1.7 initialized 'CityInfoContext' using provider 'Microsoft.EntityFrameworkCore.SqlServer' with options: None
2020-08-27 21:02:52.5401|INFO|Microsoft.EntityFrameworkCore.Database.Command|Executed DbCommand (565ms) [Parameters=[], CommandType='Text', CommandTimeout='60']
CREATE DATABASE [CityInfoDB];
2020-08-27 21:02:52.7550|INFO|Microsoft.EntityFrameworkCore.Database.Command|Executed DbCommand (193ms) [Parameters=[], CommandType='Text', CommandTimeout='60']
IF SERVERPROPERTY('EngineEdition') <> 5
BEGIN
    ALTER DATABASE [CityInfoDB] SET READ_COMMITTED_SNAPSHOT ON;
END;
2020-08-27 21:02:52.8742|INFO|Microsoft.EntityFrameworkCore.Database.Command|Executed DbCommand (36ms) [Parameters=[], CommandType='Text', CommandTimeout='30']
SELECT 1
2020-08-27 21:02:53.3020|INFO|Microsoft.EntityFrameworkCore.Database.Command|Executed DbCommand (19ms) [Parameters=[], CommandType='Text', CommandTimeout='30']
CREATE TABLE [Cities] (
    [id] int NOT NULL IDENTITY,
    [Name] nvarchar(50) NOT NULL,
    [Description] nvarchar(200) NULL,
    CONSTRAINT [PK_Cities] PRIMARY KEY ([id])
);
2020-08-27 21:02:53.3135|INFO|Microsoft.EntityFrameworkCore.Database.Command|Executed DbCommand (5ms) [Parameters=[], CommandType='Text', CommandTimeout='30']
CREATE TABLE [pointsOfInterest] (
    [id] int NOT NULL IDENTITY,
    [Name] nvarchar(50) NOT NULL,
    [cityId] int NOT NULL,
    CONSTRAINT [PK_pointsOfInterest] PRIMARY KEY ([id]),
    CONSTRAINT [FK_pointsOfInterest_Cities_cityId] FOREIGN KEY ([cityId]) REFERENCES [Cities] ([id]) ON DELETE CASCADE
);
2020-08-27 21:02:53.3135|INFO|Microsoft.EntityFrameworkCore.Database.Command|Executed DbCommand (1ms) [Parameters=[], CommandType='Text', CommandTimeout='30']
CREATE INDEX [IX_pointsOfInterest_cityId] ON [pointsOfInterest] ([cityId]);
2020-08-27 21:02:53.3540|INFO|Microsoft.AspNetCore.Mvc.StatusCodeResult|Executing HttpStatusCodeResult, setting HTTP status code 200
2020-08-27 21:02:53.3716|INFO|Microsoft.AspNetCore.Mvc.Infrastructure.ControllerActionInvoker|Executed action CityInfo.Api.Contollers.DummyController.TestDatabase (CityInfo.Api) in 15680.3758ms
2020-08-27 21:02:53.3931|INFO|Microsoft.AspNetCore.Hosting.Diagnostics|Request finished in 15844.8849ms 200 
2020-08-27 21:06:12.6249|INFO|CityInfo.Api.Program|initialing app...
2020-08-27 21:06:15.1320|INFO|Microsoft.AspNetCore.DataProtection.KeyManagement.XmlKeyManager|User profile is available. Using 'C:\Users\User\AppData\Local\ASP.NET\DataProtection-Keys' as key repository and Windows DPAPI to encrypt keys at rest.
2020-08-27 21:06:15.9621|INFO|Microsoft.Hosting.Lifetime|Application started. Press Ctrl+C to shut down.
2020-08-27 21:06:15.9884|INFO|Microsoft.Hosting.Lifetime|Hosting environment: Development
2020-08-27 21:06:16.0143|INFO|Microsoft.Hosting.Lifetime|Content root path: C:\Users\User\source\repos\CityInfo.Api\CityInfo.Api
2020-08-27 21:06:16.1187|INFO|Microsoft.AspNetCore.Hosting.Diagnostics|Request starting HTTP/1.1 GET http://localhost:1028/  
2020-08-27 21:06:16.6511|INFO|Microsoft.AspNetCore.Hosting.Diagnostics|Request finished in 535.0346ms 404 text/plain
2020-08-27 21:06:20.6064|INFO|Microsoft.AspNetCore.Hosting.Diagnostics|Request starting HTTP/1.1 GET http://localhost:1028/api/testdatabase  
2020-08-27 21:06:20.7180|INFO|Microsoft.AspNetCore.Mvc.Infrastructure.ControllerActionInvoker|Route matched with {action = "TestDatabase", controller = "Dummy"}. Executing controller action with signature Microsoft.AspNetCore.Mvc.IActionResult TestDatabase() on controller CityInfo.Api.Contollers.DummyController (CityInfo.Api).
2020-08-27 21:06:22.4101|INFO|Microsoft.EntityFrameworkCore.Infrastructure|Entity Framework Core 3.1.7 initialized 'CityInfoContext' using provider 'Microsoft.EntityFrameworkCore.SqlServer' with options: None
2020-08-27 21:06:33.3909|ERROR|Microsoft.EntityFrameworkCore.Database.Command|Failed executing DbCommand (42ms) [Parameters=[], CommandType='Text', CommandTimeout='60']
CREATE DATABASE [CityInfoDB];
2020-08-27 21:07:06.4583|INFO|CityInfo.Api.Program|initialing app...
2020-08-27 21:07:09.0210|INFO|Microsoft.AspNetCore.DataProtection.KeyManagement.XmlKeyManager|User profile is available. Using 'C:\Users\User\AppData\Local\ASP.NET\DataProtection-Keys' as key repository and Windows DPAPI to encrypt keys at rest.
2020-08-27 21:07:09.6085|INFO|Microsoft.Hosting.Lifetime|Application started. Press Ctrl+C to shut down.
2020-08-27 21:07:09.6288|INFO|Microsoft.Hosting.Lifetime|Hosting environment: Development
2020-08-27 21:07:09.6428|INFO|Microsoft.Hosting.Lifetime|Content root path: C:\Users\User\source\repos\CityInfo.Api\CityInfo.Api
2020-08-27 21:07:09.7054|INFO|Microsoft.AspNetCore.Hosting.Diagnostics|Request starting HTTP/1.1 GET http://localhost:1028/  
2020-08-27 21:07:09.9690|INFO|Microsoft.AspNetCore.Hosting.Diagnostics|Request finished in 266.952ms 404 text/plain
2020-08-27 21:07:25.7877|INFO|Microsoft.AspNetCore.Hosting.Diagnostics|Request starting HTTP/1.1 GET http://localhost:1028/api/testdatabase  
2020-08-27 21:07:25.8757|INFO|Microsoft.AspNetCore.Mvc.Infrastructure.ControllerActionInvoker|Route matched with {action = "TestDatabase", controller = "Dummy"}. Executing controller action with signature Microsoft.AspNetCore.Mvc.IActionResult TestDatabase() on controller CityInfo.Api.Contollers.DummyController (CityInfo.Api).
2020-08-27 21:07:27.4004|INFO|Microsoft.EntityFrameworkCore.Infrastructure|Entity Framework Core 3.1.7 initialized 'CityInfoContext' using provider 'Microsoft.EntityFrameworkCore.SqlServer' with options: None
2020-08-27 21:07:38.2885|ERROR|Microsoft.EntityFrameworkCore.Database.Command|Failed executing DbCommand (34ms) [Parameters=[], CommandType='Text', CommandTimeout='60']
CREATE DATABASE [CityInfoDB];
2020-08-27 21:09:06.0079|INFO|CityInfo.Api.Program|initialing app...
2020-08-27 21:09:08.1628|INFO|Microsoft.AspNetCore.DataProtection.KeyManagement.XmlKeyManager|User profile is available. Using 'C:\Users\User\AppData\Local\ASP.NET\DataProtection-Keys' as key repository and Windows DPAPI to encrypt keys at rest.
2020-08-27 21:09:09.0298|INFO|Microsoft.Hosting.Lifetime|Application started. Press Ctrl+C to shut down.
2020-08-27 21:09:09.0298|INFO|Microsoft.Hosting.Lifetime|Hosting environment: Development
2020-08-27 21:09:09.0298|INFO|Microsoft.Hosting.Lifetime|Content root path: C:\Users\User\source\repos\CityInfo.Api\CityInfo.Api
2020-08-27 21:09:09.1139|INFO|Microsoft.AspNetCore.Hosting.Diagnostics|Request starting HTTP/1.1 GET http://localhost:1028/  
2020-08-27 21:09:09.4404|INFO|Microsoft.AspNetCore.Hosting.Diagnostics|Request finished in 329.7281ms 404 text/plain
2020-08-27 21:09:11.6753|INFO|Microsoft.AspNetCore.Hosting.Diagnostics|Request starting HTTP/1.1 GET http://localhost:1028/api/testdatabase  
2020-08-27 21:09:11.7973|INFO|Microsoft.AspNetCore.Mvc.Infrastructure.ControllerActionInvoker|Route matched with {action = "TestDatabase", controller = "Dummy"}. Executing controller action with signature Microsoft.AspNetCore.Mvc.IActionResult TestDatabase() on controller CityInfo.Api.Contollers.DummyController (CityInfo.Api).
2020-08-27 21:09:13.5135|INFO|Microsoft.EntityFrameworkCore.Infrastructure|Entity Framework Core 3.1.7 initialized 'CityInfoContext' using provider 'Microsoft.EntityFrameworkCore.SqlServer' with options: None
2020-08-27 21:09:24.5273|ERROR|Microsoft.EntityFrameworkCore.Database.Command|Failed executing DbCommand (36ms) [Parameters=[], CommandType='Text', CommandTimeout='60']
CREATE DATABASE [CityInfoDB];
2020-08-27 21:16:00.1358|INFO|CityInfo.Api.Program|initialing app...
2020-08-27 21:16:01.4621|INFO|Microsoft.AspNetCore.DataProtection.KeyManagement.XmlKeyManager|User profile is available. Using 'C:\Users\User\AppData\Local\ASP.NET\DataProtection-Keys' as key repository and Windows DPAPI to encrypt keys at rest.
2020-08-27 21:16:01.8320|INFO|Microsoft.Hosting.Lifetime|Application started. Press Ctrl+C to shut down.
2020-08-27 21:16:01.8450|INFO|Microsoft.Hosting.Lifetime|Hosting environment: Development
2020-08-27 21:16:01.8450|INFO|Microsoft.Hosting.Lifetime|Content root path: C:\Users\User\source\repos\CityInfo.Api\CityInfo.Api
2020-08-27 21:16:01.8966|INFO|Microsoft.AspNetCore.Hosting.Diagnostics|Request starting HTTP/1.1 GET http://localhost:1028/  
2020-08-27 21:16:02.1497|INFO|Microsoft.AspNetCore.Hosting.Diagnostics|Request finished in 255.3103ms 404 text/plain
2020-08-27 21:16:07.5542|INFO|Microsoft.AspNetCore.Hosting.Diagnostics|Request starting HTTP/1.1 GET http://localhost:1028/api/testdatabase  
2020-08-27 21:16:07.6553|INFO|Microsoft.AspNetCore.Mvc.Infrastructure.ControllerActionInvoker|Route matched with {action = "TestDatabase", controller = "Dummy"}. Executing controller action with signature Microsoft.AspNetCore.Mvc.IActionResult TestDatabase() on controller CityInfo.Api.Contollers.DummyController (CityInfo.Api).
2020-08-27 21:16:09.1992|INFO|Microsoft.EntityFrameworkCore.Infrastructure|Entity Framework Core 3.1.7 initialized 'CityInfoContext' using provider 'Microsoft.EntityFrameworkCore.SqlServer' with options: None
2020-08-27 21:16:20.7573|INFO|Microsoft.EntityFrameworkCore.Database.Command|Executed DbCommand (564ms) [Parameters=[], CommandType='Text', CommandTimeout='60']
CREATE DATABASE [CityInfoDB];
2020-08-27 21:16:20.8679|INFO|Microsoft.EntityFrameworkCore.Database.Command|Executed DbCommand (95ms) [Parameters=[], CommandType='Text', CommandTimeout='60']
IF SERVERPROPERTY('EngineEdition') <> 5
BEGIN
    ALTER DATABASE [CityInfoDB] SET READ_COMMITTED_SNAPSHOT ON;
END;
2020-08-27 21:16:20.9244|INFO|Microsoft.EntityFrameworkCore.Database.Command|Executed DbCommand (21ms) [Parameters=[], CommandType='Text', CommandTimeout='30']
SELECT 1
2020-08-27 21:16:21.2652|INFO|Microsoft.EntityFrameworkCore.Database.Command|Executed DbCommand (13ms) [Parameters=[], CommandType='Text', CommandTimeout='30']
CREATE TABLE [Cities] (
    [id] int NOT NULL IDENTITY,
    [Name] nvarchar(50) NOT NULL,
    [Description] nvarchar(200) NULL,
    CONSTRAINT [PK_Cities] PRIMARY KEY ([id])
);
2020-08-27 21:16:21.2801|INFO|Microsoft.EntityFrameworkCore.Database.Command|Executed DbCommand (7ms) [Parameters=[], CommandType='Text', CommandTimeout='30']
CREATE TABLE [pointsOfInterest] (
    [id] int NOT NULL IDENTITY,
    [Name] nvarchar(50) NOT NULL,
    [cityId] int NOT NULL,
    CONSTRAINT [PK_pointsOfInterest] PRIMARY KEY ([id]),
    CONSTRAINT [FK_pointsOfInterest_Cities_cityId] FOREIGN KEY ([cityId]) REFERENCES [Cities] ([id]) ON DELETE CASCADE
);
2020-08-27 21:16:21.2801|INFO|Microsoft.EntityFrameworkCore.Database.Command|Executed DbCommand (2ms) [Parameters=[], CommandType='Text', CommandTimeout='30']
CREATE INDEX [IX_pointsOfInterest_cityId] ON [pointsOfInterest] ([cityId]);
2020-08-27 21:16:21.3510|INFO|Microsoft.AspNetCore.Mvc.StatusCodeResult|Executing HttpStatusCodeResult, setting HTTP status code 200
2020-08-27 21:16:21.3835|INFO|Microsoft.AspNetCore.Mvc.Infrastructure.ControllerActionInvoker|Executed action CityInfo.Api.Contollers.DummyController.TestDatabase (CityInfo.Api) in 13699.1119ms
2020-08-27 21:16:21.4481|INFO|Microsoft.AspNetCore.Hosting.Diagnostics|Request finished in 13895.4201ms 200 
2020-08-27 21:49:43.0040|INFO|Microsoft.EntityFrameworkCore.Infrastructure|Entity Framework Core 3.1.7 initialized 'CityInfoContext' using provider 'Microsoft.EntityFrameworkCore.SqlServer' with options: None
2020-08-27 21:49:54.6777|INFO|Microsoft.EntityFrameworkCore.Database.Command|Executed DbCommand (462ms) [Parameters=[], CommandType='Text', CommandTimeout='60']
CREATE DATABASE [CityInfoDB];
2020-08-27 21:49:54.8342|INFO|Microsoft.EntityFrameworkCore.Database.Command|Executed DbCommand (146ms) [Parameters=[], CommandType='Text', CommandTimeout='60']
IF SERVERPROPERTY('EngineEdition') <> 5
BEGIN
    ALTER DATABASE [CityInfoDB] SET READ_COMMITTED_SNAPSHOT ON;
END;
2020-08-27 21:49:54.9009|INFO|Microsoft.EntityFrameworkCore.Database.Command|Executed DbCommand (26ms) [Parameters=[], CommandType='Text', CommandTimeout='30']
SELECT 1
2020-08-27 21:49:55.1192|INFO|Microsoft.EntityFrameworkCore.Database.Command|Executed DbCommand (20ms) [Parameters=[], CommandType='Text', CommandTimeout='30']
CREATE TABLE [Cities] (
    [id] int NOT NULL IDENTITY,
    [Name] nvarchar(50) NOT NULL,
    [Description] nvarchar(200) NULL,
    CONSTRAINT [PK_Cities] PRIMARY KEY ([id])
);
2020-08-27 21:49:55.1245|INFO|Microsoft.EntityFrameworkCore.Database.Command|Executed DbCommand (4ms) [Parameters=[], CommandType='Text', CommandTimeout='30']
CREATE TABLE [pointsOfInterest] (
    [id] int NOT NULL IDENTITY,
    [Name] nvarchar(50) NOT NULL,
    [cityId] int NOT NULL,
    CONSTRAINT [PK_pointsOfInterest] PRIMARY KEY ([id]),
    CONSTRAINT [FK_pointsOfInterest_Cities_cityId] FOREIGN KEY ([cityId]) REFERENCES [Cities] ([id]) ON DELETE CASCADE
);
2020-08-27 21:49:55.1245|INFO|Microsoft.EntityFrameworkCore.Database.Command|Executed DbCommand (2ms) [Parameters=[], CommandType='Text', CommandTimeout='30']
CREATE INDEX [IX_pointsOfInterest_cityId] ON [pointsOfInterest] ([cityId]);
2020-08-27 21:54:19.7744|INFO|Microsoft.EntityFrameworkCore.Infrastructure|Entity Framework Core 3.1.7 initialized 'CityInfoContext' using provider 'Microsoft.EntityFrameworkCore.SqlServer' with options: None
2020-08-27 21:54:20.2614|INFO|Microsoft.EntityFrameworkCore.Database.Command|Executed DbCommand (37ms) [Parameters=[], CommandType='Text', CommandTimeout='30']
SELECT 1
2020-08-27 21:54:20.3169|INFO|Microsoft.EntityFrameworkCore.Database.Command|Executed DbCommand (34ms) [Parameters=[], CommandType='Text', CommandTimeout='30']
SELECT OBJECT_ID(N'[__EFMigrationsHistory]');
2020-08-27 21:54:20.3169|INFO|Microsoft.EntityFrameworkCore.Database.Command|Executed DbCommand (3ms) [Parameters=[], CommandType='Text', CommandTimeout='30']
SELECT 1
2020-08-27 21:54:20.5163|INFO|Microsoft.EntityFrameworkCore.Database.Command|Executed DbCommand (16ms) [Parameters=[], CommandType='Text', CommandTimeout='30']
CREATE TABLE [__EFMigrationsHistory] (
    [MigrationId] nvarchar(150) NOT NULL,
    [ProductVersion] nvarchar(32) NOT NULL,
    CONSTRAINT [PK___EFMigrationsHistory] PRIMARY KEY ([MigrationId])
);
2020-08-27 21:54:20.5163|INFO|Microsoft.EntityFrameworkCore.Database.Command|Executed DbCommand (1ms) [Parameters=[], CommandType='Text', CommandTimeout='30']
SELECT 1
2020-08-27 21:54:20.5163|INFO|Microsoft.EntityFrameworkCore.Database.Command|Executed DbCommand (3ms) [Parameters=[], CommandType='Text', CommandTimeout='30']
SELECT OBJECT_ID(N'[__EFMigrationsHistory]');
2020-08-27 21:54:20.5326|INFO|Microsoft.EntityFrameworkCore.Database.Command|Executed DbCommand (3ms) [Parameters=[], CommandType='Text', CommandTimeout='30']
SELECT [MigrationId], [ProductVersion]
FROM [__EFMigrationsHistory]
ORDER BY [MigrationId];
2020-08-27 21:54:20.5706|INFO|Microsoft.EntityFrameworkCore.Migrations|Applying migration '20200827204955_CityInfoDBIntialMigration'.
2020-08-27 21:54:20.6462|ERROR|Microsoft.EntityFrameworkCore.Database.Command|Failed executing DbCommand (5ms) [Parameters=[], CommandType='Text', CommandTimeout='30']
CREATE TABLE [Cities] (
    [id] int NOT NULL IDENTITY,
    [Name] nvarchar(50) NOT NULL,
    [Description] nvarchar(200) NULL,
    CONSTRAINT [PK_Cities] PRIMARY KEY ([id])
);
2020-08-27 22:04:51.0436|INFO|CityInfo.Api.Program|initialing app...
2020-08-27 22:04:54.4515|INFO|Microsoft.EntityFrameworkCore.Infrastructure|Entity Framework Core 3.1.7 initialized 'CityInfoContext' using provider 'Microsoft.EntityFrameworkCore.SqlServer' with options: None
2020-08-27 22:05:06.2014|INFO|Microsoft.EntityFrameworkCore.Database.Command|Executed DbCommand (601ms) [Parameters=[], CommandType='Text', CommandTimeout='60']
CREATE DATABASE [CityInfoDB];
2020-08-27 22:05:06.3981|INFO|Microsoft.EntityFrameworkCore.Database.Command|Executed DbCommand (168ms) [Parameters=[], CommandType='Text', CommandTimeout='60']
IF SERVERPROPERTY('EngineEdition') <> 5
BEGIN
    ALTER DATABASE [CityInfoDB] SET READ_COMMITTED_SNAPSHOT ON;
END;
2020-08-27 22:05:06.5349|INFO|Microsoft.EntityFrameworkCore.Database.Command|Executed DbCommand (52ms) [Parameters=[], CommandType='Text', CommandTimeout='30']
SELECT 1
2020-08-27 22:05:07.1065|INFO|Microsoft.EntityFrameworkCore.Database.Command|Executed DbCommand (24ms) [Parameters=[], CommandType='Text', CommandTimeout='30']
CREATE TABLE [__EFMigrationsHistory] (
    [MigrationId] nvarchar(150) NOT NULL,
    [ProductVersion] nvarchar(32) NOT NULL,
    CONSTRAINT [PK___EFMigrationsHistory] PRIMARY KEY ([MigrationId])
);
2020-08-27 22:05:07.1269|INFO|Microsoft.EntityFrameworkCore.Database.Command|Executed DbCommand (1ms) [Parameters=[], CommandType='Text', CommandTimeout='30']
SELECT 1
2020-08-27 22:05:07.2447|INFO|Microsoft.EntityFrameworkCore.Database.Command|Executed DbCommand (85ms) [Parameters=[], CommandType='Text', CommandTimeout='30']
SELECT OBJECT_ID(N'[__EFMigrationsHistory]');
2020-08-27 22:05:07.2772|INFO|Microsoft.EntityFrameworkCore.Database.Command|Executed DbCommand (10ms) [Parameters=[], CommandType='Text', CommandTimeout='30']
SELECT [MigrationId], [ProductVersion]
FROM [__EFMigrationsHistory]
ORDER BY [MigrationId];
2020-08-27 22:05:07.3835|INFO|Microsoft.EntityFrameworkCore.Migrations|Applying migration '20200827204955_CityInfoDBIntialMigration'.
2020-08-27 22:05:07.5519|INFO|Microsoft.EntityFrameworkCore.Database.Command|Executed DbCommand (9ms) [Parameters=[], CommandType='Text', CommandTimeout='30']
CREATE TABLE [Cities] (
    [id] int NOT NULL IDENTITY,
    [Name] nvarchar(50) NOT NULL,
    [Description] nvarchar(200) NULL,
    CONSTRAINT [PK_Cities] PRIMARY KEY ([id])
);
2020-08-27 22:05:07.5723|INFO|Microsoft.EntityFrameworkCore.Database.Command|Executed DbCommand (9ms) [Parameters=[], CommandType='Text', CommandTimeout='30']
CREATE TABLE [pointsOfInterest] (
    [id] int NOT NULL IDENTITY,
    [Name] nvarchar(50) NOT NULL,
    [cityId] int NOT NULL,
    CONSTRAINT [PK_pointsOfInterest] PRIMARY KEY ([id]),
    CONSTRAINT [FK_pointsOfInterest_Cities_cityId] FOREIGN KEY ([cityId]) REFERENCES [Cities] ([id]) ON DELETE CASCADE
);
2020-08-27 22:05:07.5871|INFO|Microsoft.EntityFrameworkCore.Database.Command|Executed DbCommand (3ms) [Parameters=[], CommandType='Text', CommandTimeout='30']
CREATE INDEX [IX_pointsOfInterest_cityId] ON [pointsOfInterest] ([cityId]);
2020-08-27 22:05:07.6073|INFO|Microsoft.EntityFrameworkCore.Database.Command|Executed DbCommand (10ms) [Parameters=[], CommandType='Text', CommandTimeout='30']
INSERT INTO [__EFMigrationsHistory] ([MigrationId], [ProductVersion])
VALUES (N'20200827204955_CityInfoDBIntialMigration', N'3.1.7');
2020-08-27 22:05:07.7938|INFO|Microsoft.AspNetCore.DataProtection.KeyManagement.XmlKeyManager|User profile is available. Using 'C:\Users\User\AppData\Local\ASP.NET\DataProtection-Keys' as key repository and Windows DPAPI to encrypt keys at rest.
2020-08-27 22:05:08.5479|INFO|Microsoft.Hosting.Lifetime|Application started. Press Ctrl+C to shut down.
2020-08-27 22:05:08.5684|INFO|Microsoft.Hosting.Lifetime|Hosting environment: Development
2020-08-27 22:05:08.5783|INFO|Microsoft.Hosting.Lifetime|Content root path: C:\Users\User\source\repos\CityInfo.Api\CityInfo.Api
2020-08-27 22:05:08.6781|INFO|Microsoft.AspNetCore.Hosting.Diagnostics|Request starting HTTP/1.1 GET http://localhost:1028/  
2020-08-27 22:05:09.0442|INFO|Microsoft.AspNetCore.Hosting.Diagnostics|Request finished in 374.6929ms 404 text/plain
2020-08-27 22:09:24.0963|INFO|Microsoft.EntityFrameworkCore.Infrastructure|Entity Framework Core 3.1.7 initialized 'CityInfoContext' using provider 'Microsoft.EntityFrameworkCore.SqlServer' with options: None
2020-08-27 22:10:19.1107|INFO|CityInfo.Api.Program|initialing app...
2020-08-27 22:10:22.2465|INFO|Microsoft.EntityFrameworkCore.Infrastructure|Entity Framework Core 3.1.7 initialized 'CityInfoContext' using provider 'Microsoft.EntityFrameworkCore.SqlServer' with options: None
2020-08-27 22:10:23.7463|INFO|Microsoft.EntityFrameworkCore.Database.Command|Executed DbCommand (112ms) [Parameters=[], CommandType='Text', CommandTimeout='30']
SELECT 1
2020-08-27 22:10:24.1298|INFO|Microsoft.EntityFrameworkCore.Database.Command|Executed DbCommand (94ms) [Parameters=[], CommandType='Text', CommandTimeout='60']
IF SERVERPROPERTY('EngineEdition') <> 5
BEGIN
    ALTER DATABASE [CityInfoDB] SET SINGLE_USER WITH ROLLBACK IMMEDIATE;
END;
2020-08-27 22:10:24.2083|INFO|Microsoft.EntityFrameworkCore.Database.Command|Executed DbCommand (66ms) [Parameters=[], CommandType='Text', CommandTimeout='60']
DROP DATABASE [CityInfoDB];
2020-08-27 22:10:34.9009|INFO|Microsoft.EntityFrameworkCore.Database.Command|Executed DbCommand (556ms) [Parameters=[], CommandType='Text', CommandTimeout='60']
CREATE DATABASE [CityInfoDB];
2020-08-27 22:10:35.0712|INFO|Microsoft.EntityFrameworkCore.Database.Command|Executed DbCommand (157ms) [Parameters=[], CommandType='Text', CommandTimeout='60']
IF SERVERPROPERTY('EngineEdition') <> 5
BEGIN
    ALTER DATABASE [CityInfoDB] SET READ_COMMITTED_SNAPSHOT ON;
END;
2020-08-27 22:10:35.1011|INFO|Microsoft.EntityFrameworkCore.Database.Command|Executed DbCommand (1ms) [Parameters=[], CommandType='Text', CommandTimeout='30']
SELECT 1
2020-08-27 22:10:35.4648|INFO|Microsoft.EntityFrameworkCore.Database.Command|Executed DbCommand (18ms) [Parameters=[], CommandType='Text', CommandTimeout='30']
CREATE TABLE [__EFMigrationsHistory] (
    [MigrationId] nvarchar(150) NOT NULL,
    [ProductVersion] nvarchar(32) NOT NULL,
    CONSTRAINT [PK___EFMigrationsHistory] PRIMARY KEY ([MigrationId])
);
2020-08-27 22:10:35.4748|INFO|Microsoft.EntityFrameworkCore.Database.Command|Executed DbCommand (0ms) [Parameters=[], CommandType='Text', CommandTimeout='30']
SELECT 1
2020-08-27 22:10:35.5280|INFO|Microsoft.EntityFrameworkCore.Database.Command|Executed DbCommand (42ms) [Parameters=[], CommandType='Text', CommandTimeout='30']
SELECT OBJECT_ID(N'[__EFMigrationsHistory]');
2020-08-27 22:10:35.5444|INFO|Microsoft.EntityFrameworkCore.Database.Command|Executed DbCommand (5ms) [Parameters=[], CommandType='Text', CommandTimeout='30']
SELECT [MigrationId], [ProductVersion]
FROM [__EFMigrationsHistory]
ORDER BY [MigrationId];
2020-08-27 22:10:35.6033|INFO|Microsoft.EntityFrameworkCore.Migrations|Applying migration '20200827204955_CityInfoDBIntialMigration'.
2020-08-27 22:10:35.6977|INFO|Microsoft.EntityFrameworkCore.Database.Command|Executed DbCommand (7ms) [Parameters=[], CommandType='Text', CommandTimeout='30']
CREATE TABLE [Cities] (
    [id] int NOT NULL IDENTITY,
    [Name] nvarchar(50) NOT NULL,
    [Description] nvarchar(200) NULL,
    CONSTRAINT [PK_Cities] PRIMARY KEY ([id])
);
2020-08-27 22:10:35.7173|INFO|Microsoft.EntityFrameworkCore.Database.Command|Executed DbCommand (9ms) [Parameters=[], CommandType='Text', CommandTimeout='30']
CREATE TABLE [pointsOfInterest] (
    [id] int NOT NULL IDENTITY,
    [Name] nvarchar(50) NOT NULL,
    [cityId] int NOT NULL,
    CONSTRAINT [PK_pointsOfInterest] PRIMARY KEY ([id]),
    CONSTRAINT [FK_pointsOfInterest_Cities_cityId] FOREIGN KEY ([cityId]) REFERENCES [Cities] ([id]) ON DELETE CASCADE
);
2020-08-27 22:10:35.7319|INFO|Microsoft.EntityFrameworkCore.Database.Command|Executed DbCommand (4ms) [Parameters=[], CommandType='Text', CommandTimeout='30']
CREATE INDEX [IX_pointsOfInterest_cityId] ON [pointsOfInterest] ([cityId]);
2020-08-27 22:10:35.7480|INFO|Microsoft.EntityFrameworkCore.Database.Command|Executed DbCommand (6ms) [Parameters=[], CommandType='Text', CommandTimeout='30']
INSERT INTO [__EFMigrationsHistory] ([MigrationId], [ProductVersion])
VALUES (N'20200827204955_CityInfoDBIntialMigration', N'3.1.7');
2020-08-27 22:10:35.7858|INFO|Microsoft.EntityFrameworkCore.Migrations|Applying migration '20200827210924_CityInfoDBAddPOIMigration'.
2020-08-27 22:10:35.8220|INFO|Microsoft.EntityFrameworkCore.Database.Command|Executed DbCommand (7ms) [Parameters=[], CommandType='Text', CommandTimeout='30']
ALTER TABLE [pointsOfInterest] ADD [Description] nvarchar(200) NULL;
2020-08-27 22:10:35.8345|INFO|Microsoft.EntityFrameworkCore.Database.Command|Executed DbCommand (1ms) [Parameters=[], CommandType='Text', CommandTimeout='30']
INSERT INTO [__EFMigrationsHistory] ([MigrationId], [ProductVersion])
VALUES (N'20200827210924_CityInfoDBAddPOIMigration', N'3.1.7');
2020-08-27 22:10:35.9726|INFO|Microsoft.AspNetCore.DataProtection.KeyManagement.XmlKeyManager|User profile is available. Using 'C:\Users\User\AppData\Local\ASP.NET\DataProtection-Keys' as key repository and Windows DPAPI to encrypt keys at rest.
2020-08-27 22:10:36.5707|INFO|Microsoft.Hosting.Lifetime|Application started. Press Ctrl+C to shut down.
2020-08-27 22:10:36.5811|INFO|Microsoft.Hosting.Lifetime|Hosting environment: Development
2020-08-27 22:10:36.5923|INFO|Microsoft.Hosting.Lifetime|Content root path: C:\Users\User\source\repos\CityInfo.Api\CityInfo.Api
2020-08-27 22:10:36.6835|INFO|Microsoft.AspNetCore.Hosting.Diagnostics|Request starting HTTP/1.1 GET http://localhost:1028/  
2020-08-27 22:10:37.1673|INFO|Microsoft.AspNetCore.Hosting.Diagnostics|Request finished in 486.7473ms 404 text/plain
